<?xml version="1.0" encoding="UTF-8"?>
<testng-results skipped="0" failed="0" ignored="0" total="1" passed="1">
  <reporter-output>
  </reporter-output>
  <suite name="Amazon E-Commerce" duration-ms="74227" started-at="2017-01-08T20:23:34Z" finished-at="2017-01-08T20:24:49Z">
    <groups>
    </groups>
    <test name="Amazon Search" duration-ms="74227" started-at="2017-01-08T20:23:34Z" finished-at="2017-01-08T20:24:49Z">
      <class name="SearchItems.DropDownMenuSearch">
        <test-method status="PASS" signature="setUp(boolean, java.lang.String, java.lang.String, java.lang.String, java.lang.String, java.lang.String, java.lang.String, java.lang.String)[pri:0, instance:SearchItems.DropDownMenuSearch@4d49af10]" name="setUp" is-config="true" duration-ms="30745" started-at="2017-01-08T15:23:34Z" finished-at="2017-01-08T15:24:05Z">
          <params>
            <param index="0">
              <value>
                <![CDATA[true]]>
              </value>
            </param>
            <param index="1">
              <value>
                <![CDATA[browserstack]]>
              </value>
            </param>
            <param index="2">
              <value>
                <![CDATA[mohammadrahman1]]>
              </value>
            </param>
            <param index="3">
              <value>
                <![CDATA[ktEzjVpoWk9gqxz9PMWW]]>
              </value>
            </param>
            <param index="4">
              <value>
                <![CDATA[OS X]]>
              </value>
            </param>
            <param index="5">
              <value>
                <![CDATA[chrome]]>
              </value>
            </param>
            <param index="6">
              <value>
                <![CDATA[49.0]]>
              </value>
            </param>
            <param index="7">
              <value>
                <![CDATA[http://www.amazon.com]]>
              </value>
            </param>
          </params>
          <reporter-output>
          </reporter-output>
        </test-method> <!-- setUp -->
        <test-method status="PASS" signature="dropDownMenu()[pri:0, instance:SearchItems.DropDownMenuSearch@4d49af10]" name="dropDownMenu" duration-ms="27092" started-at="2017-01-08T15:24:05Z" finished-at="2017-01-08T15:24:32Z">
          <reporter-output>
          </reporter-output>
        </test-method> <!-- dropDownMenu -->
        <test-method status="PASS" signature="tearDown()[pri:0, instance:SearchItems.DropDownMenuSearch@4d49af10]" name="tearDown" is-config="true" duration-ms="16346" started-at="2017-01-08T15:24:32Z" finished-at="2017-01-08T15:24:49Z">
          <reporter-output>
          </reporter-output>
        </test-method> <!-- tearDown -->
      </class> <!-- SearchItems.DropDownMenuSearch -->
    </test> <!-- Amazon Search -->
  </suite> <!-- Amazon E-Commerce -->
</testng-results>
